<?xml version="1.0" encoding="UTF-8"?>
<!-- Generated by org.testng.reporters.JUnitReportReporter -->
<testsuite hostname="DESKTOP-TC1RHQ8" failures="0" tests="1" name="TestNGClasses.TempleateTestNGSuite" time="0.016" errors="0" timestamp="02 Feb 2023 13:20:50 GMT" skipped="0">
  <testcase classname="TestNGClasses.TempleateTestNGSuite" name="title" time="0.016"/>
</testsuite> <!-- TestNGClasses.TempleateTestNGSuite -->
