<?xml version="1.0" encoding="UTF-8"?>
<!-- Generated by org.testng.reporters.JUnitReportReporter -->
<testsuite hostname="DESKTOP-TC1RHQ8" failures="0" tests="3" name="TestNGClasses.SignUPTest" time="25.128" errors="0" timestamp="30 Jan 2023 04:13:05 GMT" skipped="0">
  <testcase classname="TestNGClasses.SignUPTest" name="testCookiesPolicy" time="10.837"/>
  <testcase classname="TestNGClasses.SignUPTest" name="testTerm" time="6.356"/>
  <testcase classname="TestNGClasses.SignUPTest" name="testPrivacyPolicy" time="7.935"/>
</testsuite> <!-- TestNGClasses.SignUPTest -->
