<?xml version="1.0" encoding="UTF-8"?>
<!-- Generated by org.testng.reporters.JUnitReportReporter -->
<testsuite hostname="DESKTOP-TC1RHQ8" failures="0" tests="7" name="test.Alpha" time="0.066" errors="0" timestamp="07 Feb 2023 10:48:23 GMT" skipped="0">
  <testcase classname="test.Alpha" name="tagName" time="0.008"/>
  <testcase classname="test.Alpha" name="userNameTab" time="0.001"/>
  <testcase classname="test.Alpha" name="title" time="0.010"/>
  <testcase classname="test.Alpha" name="url" time="0.013"/>
  <testcase classname="test.Alpha" name="createNewAcct" time="0.015"/>
  <testcase classname="test.Alpha" name="passwordTab" time="0.010"/>
  <testcase classname="test.Alpha" name="loginButton" time="0.009"/>
</testsuite> <!-- test.Alpha -->
