<?xml version="1.0" encoding="UTF-8"?>
<!-- Generated by org.testng.reporters.JUnitReportReporter -->
<testsuite hostname="DESKTOP-TC1RHQ8" failures="0" tests="1" name="TestNGClasses.TempleateTestNG" time="0.003" errors="0" timestamp="02 Feb 2023 13:29:09 GMT" skipped="0">
  <testcase classname="TestNGClasses.TempleateTestNG" name="title" time="0.003"/>
</testsuite> <!-- TestNGClasses.TempleateTestNG -->
