<?xml version="1.0" encoding="UTF-8"?>
<!-- Generated by org.testng.reporters.JUnitReportReporter -->
<testsuite hostname="DESKTOP-TC1RHQ8" failures="0" tests="1" name="TestNGClasses.LoginPageTest" time="2.145" errors="0" timestamp="15 Feb 2023 05:34:54 GMT" skipped="0">
  <testcase classname="TestNGClasses.LoginPageTest" name="title" time="2.145"/>
</testsuite> <!-- TestNGClasses.LoginPageTest -->
