<?xml version="1.0" encoding="UTF-8"?>
<!-- Generated by org.testng.reporters.JUnitReportReporter -->
<testsuite hostname="DESKTOP-TC1RHQ8" failures="0" tests="11" name="TestNGSuitesAssert.ForgetPageSuiteTestAssert" time="28.306" errors="0" timestamp="06 Feb 2023 17:55:27 GMT" skipped="0">
  <testcase classname="TestNGSuitesAssert.ForgetPageSuiteTestAssert" name="title" time="8.954"/>
  <testcase classname="TestNGSuitesAssert.ForgetPageSuiteTestAssert" name="tagName" time="1.580"/>
  <testcase classname="TestNGSuitesAssert.ForgetPageSuiteTestAssert" name="username" time="1.923"/>
  <testcase classname="TestNGSuitesAssert.ForgetPageSuiteTestAssert" name="userNameTag" time="1.783"/>
  <testcase classname="TestNGSuitesAssert.ForgetPageSuiteTestAssert" name="isEnabledSearchButton" time="1.723"/>
  <testcase classname="TestNGSuitesAssert.ForgetPageSuiteTestAssert" name="SearchButtonTag" time="1.507"/>
  <testcase classname="TestNGSuitesAssert.ForgetPageSuiteTestAssert" name="clickOnSearchButton" time="3.710"/>
  <testcase classname="TestNGSuitesAssert.ForgetPageSuiteTestAssert" name="isEnabledCancelButton" time="1.284"/>
  <testcase classname="TestNGSuitesAssert.ForgetPageSuiteTestAssert" name="clickOnCancelButton" time="2.856"/>
  <testcase classname="TestNGSuitesAssert.ForgetPageSuiteTestAssert" name="webPageTitle" time="2.153"/>
  <testcase classname="TestNGSuitesAssert.ForgetPageSuiteTestAssert" name="webPageURl" time="0.833"/>
</testsuite> <!-- TestNGSuitesAssert.ForgetPageSuiteTestAssert -->
