<?xml version="1.0" encoding="UTF-8"?>
<!-- Generated by org.testng.reporters.JUnitReportReporter -->
<testsuite hostname="DESKTOP-TC1RHQ8" failures="0" tests="1" name="TestNGSuitesAssert.SignUpPageAssert" time="23.550" errors="0" timestamp="09 Feb 2023 10:23:15 GMT" skipped="0">
  <testcase classname="TestNGSuitesAssert.SignUpPageAssert" name="validateFirstNameTab" time="23.550"/>
</testsuite> <!-- TestNGSuitesAssert.SignUpPageAssert -->
