<?xml version="1.0" encoding="UTF-8"?>
<!-- Generated by org.testng.reporters.JUnitReportReporter -->
<testsuite hostname="DESKTOP-TC1RHQ8" failures="0" tests="1" name="TestNGClasses.SignUpPageTest" time="8.984" errors="0" timestamp="08 Feb 2023 07:47:25 GMT" skipped="0">
  <testcase classname="TestNGClasses.SignUpPageTest" name="title" time="8.984"/>
</testsuite> <!-- TestNGClasses.SignUpPageTest -->
