<?xml version="1.0" encoding="UTF-8"?>
<!-- Generated by org.testng.reporters.JUnitReportReporter -->
<testsuite hostname="DESKTOP-TC1RHQ8" failures="0" tests="7" name="TestNGSuitesAssert.LoginPageSuiteTestAssert" time="7.272" errors="0" timestamp="12 Feb 2023 17:23:48 GMT" skipped="0">
  <testcase classname="TestNGSuitesAssert.LoginPageSuiteTestAssert" name="title" time="0.643"/>
  <testcase classname="TestNGSuitesAssert.LoginPageSuiteTestAssert" name="url" time="0.679"/>
  <testcase classname="TestNGSuitesAssert.LoginPageSuiteTestAssert" name="tagName" time="0.675"/>
  <testcase classname="TestNGSuitesAssert.LoginPageSuiteTestAssert" name="userNameTab" time="0.808"/>
  <testcase classname="TestNGSuitesAssert.LoginPageSuiteTestAssert" name="passwordTab" time="0.673"/>
  <testcase classname="TestNGSuitesAssert.LoginPageSuiteTestAssert" name="loginButton" time="0.669"/>
  <testcase classname="TestNGSuitesAssert.LoginPageSuiteTestAssert" name="createNewAcct" time="3.125"/>
</testsuite> <!-- TestNGSuitesAssert.LoginPageSuiteTestAssert -->
