<?xml version="1.0" encoding="UTF-8"?>
<!-- Generated by org.testng.reporters.JUnitReportReporter -->
<testsuite hostname="DESKTOP-TC1RHQ8" failures="0" tests="7" name="test.demo" time="0.029" errors="0" timestamp="07 Feb 2023 10:48:23 GMT" skipped="0">
  <testcase classname="test.demo" name="loginButton" time="0.002"/>
  <testcase classname="test.demo" name="url" time="0.002"/>
  <testcase classname="test.demo" name="title" time="0.003"/>
  <testcase classname="test.demo" name="passwordTab" time="0.001"/>
  <testcase classname="test.demo" name="userNameTab" time="0.005"/>
  <testcase classname="test.demo" name="createNewAcct" time="0.007"/>
  <testcase classname="test.demo" name="tagName" time="0.009"/>
</testsuite> <!-- test.demo -->
