<?xml version="1.0" encoding="UTF-8"?>
<!-- Generated by org.testng.reporters.JUnitReportReporter -->
<testsuite hostname="DESKTOP-TC1RHQ8" failures="0" tests="3" name="TestNGClasses.Run" time="18.707" errors="0" timestamp="25 Jan 2023 09:00:02 GMT" skipped="0">
  <testcase classname="TestNGClasses.Run" name="testCookiesPolicy" time="6.620"/>
  <testcase classname="TestNGClasses.Run" name="testTerm" time="5.569"/>
  <testcase classname="TestNGClasses.Run" name="testPrivacyPolicy" time="6.518"/>
</testsuite> <!-- TestNGClasses.Run -->
