<?xml version="1.0" encoding="UTF-8"?>
<!-- Generated by org.testng.reporters.JUnitReportReporter -->
<testsuite hostname="DESKTOP-TC1RHQ8" failures="0" tests="11" name="TestNGSuites.ForgetPageTest" time="94.328" errors="0" timestamp="03 Feb 2023 17:22:53 GMT" skipped="0">
  <testcase classname="TestNGSuites.ForgetPageTest" name="title" time="2.296"/>
  <testcase classname="TestNGSuites.ForgetPageTest" name="tagName" time="2.566"/>
  <testcase classname="TestNGSuites.ForgetPageTest" name="username" time="1.051"/>
  <testcase classname="TestNGSuites.ForgetPageTest" name="userNameTag" time="0.941"/>
  <testcase classname="TestNGSuites.ForgetPageTest" name="isEnabledSearchButton" time="1.906"/>
  <testcase classname="TestNGSuites.ForgetPageTest" name="SearchButtonTag" time="1.137"/>
  <testcase classname="TestNGSuites.ForgetPageTest" name="clickOnSearchButton" time="3.216"/>
  <testcase classname="TestNGSuites.ForgetPageTest" name="isEnabledCancelButton" time="73.259"/>
  <testcase classname="TestNGSuites.ForgetPageTest" name="clickOnCancelButton" time="3.561"/>
  <testcase classname="TestNGSuites.ForgetPageTest" name="webPageTitle" time="2.408"/>
  <testcase classname="TestNGSuites.ForgetPageTest" name="webPageURl" time="1.987"/>
</testsuite> <!-- TestNGSuites.ForgetPageTest -->
